Command line invocation:
    /Applications/Xcode.app/Contents/Developer/usr/bin/xcodebuild -scheme TBDApp_iOS -destination "platform=iOS Simulator,name=iPhone 17 Pro" build

Resolve Package Graph


Resolved source packages:
  GRDB: https://github.com/groue/GRDB.swift @ 6.29.3

ComputePackagePrebuildTargetDependencyGraph

Prepare packages

CreateBuildRequest

SendProjectDescription

CreateBuildOperation

ComputeTargetDependencyGraph
note: Building targets in dependency order
note: Target dependency graph (5 targets)
    Target 'TBDApp_iOS' in project 'TBDApp'
        ➜ Explicit dependency on target 'GRDB' in project 'GRDB'
    Target 'GRDB' in project 'GRDB'
        ➜ Explicit dependency on target 'GRDB' in project 'GRDB'
        ➜ Explicit dependency on target 'GRDB_GRDB' in project 'GRDB'
    Target 'GRDB' in project 'GRDB'
        ➜ Explicit dependency on target 'GRDB_GRDB' in project 'GRDB'
        ➜ Explicit dependency on target 'CSQLite' in project 'GRDB'
    Target 'CSQLite' in project 'GRDB' (no dependencies)
    Target 'GRDB_GRDB' in project 'GRDB' (no dependencies)

GatherProvisioningInputs

CreateBuildDescription

ExecuteExternalTool /Applications/Xcode.app/Contents/Developer/Toolchains/XcodeDefault.xctoolchain/usr/bin/clang -v -E -dM -isysroot /Applications/Xcode.app/Contents/Developer/Platforms/iPhoneSimulator.platform/Developer/SDKs/iPhoneSimulator26.0.sdk -x c -c /dev/null

ExecuteExternalTool /Applications/Xcode.app/Contents/Developer/usr/bin/actool --print-asset-tag-combinations --output-format xml1 /Users/me/Downloads/inventorysoft/TBDApp/Resources/Assets.xcassets

ExecuteExternalTool /Applications/Xcode.app/Contents/Developer/Toolchains/XcodeDefault.xctoolchain/usr/bin/swiftc --version

ExecuteExternalTool /Applications/Xcode.app/Contents/Developer/usr/bin/actool --version --output-format xml1

ExecuteExternalTool /Applications/Xcode.app/Contents/Developer/Toolchains/XcodeDefault.xctoolchain/usr/bin/ld -version_details

ReadFileContents /Applications/Xcode.app/Contents/Developer/Toolchains/XcodeDefault.xctoolchain/usr/share/docc/features.json

Build description signature: 9b6be0d81f6df5a43d08a5cc38b5cc1a
Build description path: /Users/me/Library/Developer/Xcode/DerivedData/TBDApp-gwzivpwahluelhdurbhzqwrmegmk/Build/Intermediates.noindex/XCBuildData/9b6be0d81f6df5a43d08a5cc38b5cc1a.xcbuilddata
ClangStatCache /Applications/Xcode.app/Contents/Developer/Toolchains/XcodeDefault.xctoolchain/usr/bin/clang-stat-cache /Applications/Xcode.app/Contents/Developer/Platforms/iPhoneSimulator.platform/Developer/SDKs/iPhoneSimulator26.0.sdk /Users/me/Library/Developer/Xcode/DerivedData/SDKStatCaches.noindex/iphonesimulator26.0-23A339-26257891a6c027eb51374368541b8346.sdkstatcache
    cd /Users/me/Downloads/inventorysoft/TBDApp.xcodeproj
    /Applications/Xcode.app/Contents/Developer/Toolchains/XcodeDefault.xctoolchain/usr/bin/clang-stat-cache /Applications/Xcode.app/Contents/Developer/Platforms/iPhoneSimulator.platform/Developer/SDKs/iPhoneSimulator26.0.sdk -o /Users/me/Library/Developer/Xcode/DerivedData/SDKStatCaches.noindex/iphonesimulator26.0-23A339-26257891a6c027eb51374368541b8346.sdkstatcache

ProcessProductPackaging "" /Users/me/Library/Developer/Xcode/DerivedData/TBDApp-gwzivpwahluelhdurbhzqwrmegmk/Build/Intermediates.noindex/TBDApp.build/Debug-iphonesimulator/TBDApp_iOS.build/TBDApp.app-Simulated.xcent (in target 'TBDApp_iOS' from project 'TBDApp')
    cd /Users/me/Downloads/inventorysoft
    
    Entitlements:
    
    {
    "application-identifier" = "YDQSG584N5.com.tbdapp.TBDApp-iOS";
}
    
    builtin-productPackagingUtility -entitlements -format xml -o /Users/me/Library/Developer/Xcode/DerivedData/TBDApp-gwzivpwahluelhdurbhzqwrmegmk/Build/Intermediates.noindex/TBDApp.build/Debug-iphonesimulator/TBDApp_iOS.build/TBDApp.app-Simulated.xcent

ProcessInfoPlistFile /Users/me/Library/Developer/Xcode/DerivedData/TBDApp-gwzivpwahluelhdurbhzqwrmegmk/Build/Products/Debug-iphonesimulator/GRDB_GRDB.bundle/Info.plist /Users/me/Library/Developer/Xcode/DerivedData/TBDApp-gwzivpwahluelhdurbhzqwrmegmk/Build/Intermediates.noindex/GRDB.build/Debug-iphonesimulator/GRDB_GRDB.build/empty-GRDB_GRDB.plist (in target 'GRDB_GRDB' from project 'GRDB')
    cd /Users/me/Library/Developer/Xcode/DerivedData/TBDApp-gwzivpwahluelhdurbhzqwrmegmk/SourcePackages/checkouts/GRDB.swift
    builtin-infoPlistUtility /Users/me/Library/Developer/Xcode/DerivedData/TBDApp-gwzivpwahluelhdurbhzqwrmegmk/Build/Intermediates.noindex/GRDB.build/Debug-iphonesimulator/GRDB_GRDB.build/empty-GRDB_GRDB.plist -producttype com.apple.product-type.bundle -expandbuildsettings -format binary -platform iphonesimulator -o /Users/me/Library/Developer/Xcode/DerivedData/TBDApp-gwzivpwahluelhdurbhzqwrmegmk/Build/Products/Debug-iphonesimulator/GRDB_GRDB.bundle/Info.plist

ProcessProductPackagingDER /Users/me/Library/Developer/Xcode/DerivedData/TBDApp-gwzivpwahluelhdurbhzqwrmegmk/Build/Intermediates.noindex/TBDApp.build/Debug-iphonesimulator/TBDApp_iOS.build/TBDApp.app-Simulated.xcent /Users/me/Library/Developer/Xcode/DerivedData/TBDApp-gwzivpwahluelhdurbhzqwrmegmk/Build/Intermediates.noindex/TBDApp.build/Debug-iphonesimulator/TBDApp_iOS.build/TBDApp.app-Simulated.xcent.der (in target 'TBDApp_iOS' from project 'TBDApp')
    cd /Users/me/Downloads/inventorysoft
    /usr/bin/derq query -f xml -i /Users/me/Library/Developer/Xcode/DerivedData/TBDApp-gwzivpwahluelhdurbhzqwrmegmk/Build/Intermediates.noindex/TBDApp.build/Debug-iphonesimulator/TBDApp_iOS.build/TBDApp.app-Simulated.xcent -o /Users/me/Library/Developer/Xcode/DerivedData/TBDApp-gwzivpwahluelhdurbhzqwrmegmk/Build/Intermediates.noindex/TBDApp.build/Debug-iphonesimulator/TBDApp_iOS.build/TBDApp.app-Simulated.xcent.der --raw

CompileAssetCatalogVariant thinned /Users/me/Library/Developer/Xcode/DerivedData/TBDApp-gwzivpwahluelhdurbhzqwrmegmk/Build/Products/Debug-iphonesimulator/TBDApp.app /Users/me/Downloads/inventorysoft/TBDApp/Resources/Assets.xcassets (in target 'TBDApp_iOS' from project 'TBDApp')
    cd /Users/me/Downloads/inventorysoft
    /Applications/Xcode.app/Contents/Developer/usr/bin/actool /Users/me/Downloads/inventorysoft/TBDApp/Resources/Assets.xcassets --compile /Users/me/Library/Developer/Xcode/DerivedData/TBDApp-gwzivpwahluelhdurbhzqwrmegmk/Build/Intermediates.noindex/TBDApp.build/Debug-iphonesimulator/TBDApp_iOS.build/assetcatalog_output/thinned --output-format human-readable-text --notices --warnings --export-dependency-info /Users/me/Library/Developer/Xcode/DerivedData/TBDApp-gwzivpwahluelhdurbhzqwrmegmk/Build/Intermediates.noindex/TBDApp.build/Debug-iphonesimulator/TBDApp_iOS.build/assetcatalog_dependencies_thinned --output-partial-info-plist /Users/me/Library/Developer/Xcode/DerivedData/TBDApp-gwzivpwahluelhdurbhzqwrmegmk/Build/Intermediates.noindex/TBDApp.build/Debug-iphonesimulator/TBDApp_iOS.build/assetcatalog_generated_info.plist_thinned --app-icon AppIcon --compress-pngs --enable-on-demand-resources YES --filter-for-thinning-device-configuration iPhone18,1 --filter-for-device-os-version 26.0.1 --development-region en --target-device iphone --target-device ipad --minimum-deployment-target 17.0 --platform iphonesimulator

SwiftDriver TBDApp_iOS normal arm64 com.apple.xcode.tools.swift.compiler (in target 'TBDApp_iOS' from project 'TBDApp')
    cd /Users/me/Downloads/inventorysoft
    builtin-SwiftDriver -- /Applications/Xcode.app/Contents/Developer/Toolchains/XcodeDefault.xctoolchain/usr/bin/swiftc -module-name TBDApp -Onone -enforce-exclusivity\=checked @/Users/me/Library/Developer/Xcode/DerivedData/TBDApp-gwzivpwahluelhdurbhzqwrmegmk/Build/Intermediates.noindex/TBDApp.build/Debug-iphonesimulator/TBDApp_iOS.build/Objects-normal/arm64/TBDApp.SwiftFileList -DDEBUG -Xcc -fmodule-map-file\=/Users/me/Library/Developer/Xcode/DerivedData/TBDApp-gwzivpwahluelhdurbhzqwrmegmk/SourcePackages/checkouts/GRDB.swift/Sources/CSQLite/module.modulemap -enable-bare-slash-regex -enable-experimental-feature DebugDescriptionMacro -sdk /Applications/Xcode.app/Contents/Developer/Platforms/iPhoneSimulator.platform/Developer/SDKs/iPhoneSimulator26.0.sdk -target arm64-apple-ios17.0-simulator -g -module-cache-path /Users/me/Library/Developer/Xcode/DerivedData/ModuleCache.noindex -Xfrontend -serialize-debugging-options -enable-testing -index-store-path /Users/me/Library/Developer/Xcode/DerivedData/TBDApp-gwzivpwahluelhdurbhzqwrmegmk/Index.noindex/DataStore -Xcc -D_LIBCPP_HARDENING_MODE\=_LIBCPP_HARDENING_MODE_DEBUG -swift-version 5 -I /Users/me/Library/Developer/Xcode/DerivedData/TBDApp-gwzivpwahluelhdurbhzqwrmegmk/Build/Products/Debug-iphonesimulator -F /Users/me/Library/Developer/Xcode/DerivedData/TBDApp-gwzivpwahluelhdurbhzqwrmegmk/Build/Products/Debug-iphonesimulator/PackageFrameworks -F /Users/me/Library/Developer/Xcode/DerivedData/TBDApp-gwzivpwahluelhdurbhzqwrmegmk/Build/Products/Debug-iphonesimulator -c -j10 -enable-batch-mode -incremental -Xcc -ivfsstatcache -Xcc /Users/me/Library/Developer/Xcode/DerivedData/SDKStatCaches.noindex/iphonesimulator26.0-23A339-26257891a6c027eb51374368541b8346.sdkstatcache -output-file-map /Users/me/Library/Developer/Xcode/DerivedData/TBDApp-gwzivpwahluelhdurbhzqwrmegmk/Build/Intermediates.noindex/TBDApp.build/Debug-iphonesimulator/TBDApp_iOS.build/Objects-normal/arm64/TBDApp_iOS-OutputFileMap.json -use-frontend-parseable-output -save-temps -no-color-diagnostics -explicit-module-build -module-cache-path /Users/me/Library/Developer/Xcode/DerivedData/TBDApp-gwzivpwahluelhdurbhzqwrmegmk/Build/Intermediates.noindex/SwiftExplicitPrecompiledModules -clang-scanner-module-cache-path /Users/me/Library/Developer/Xcode/DerivedData/ModuleCache.noindex -sdk-module-cache-path /Users/me/Library/Developer/Xcode/DerivedData/ModuleCache.noindex -serialize-diagnostics -emit-dependencies -emit-module -emit-module-path /Users/me/Library/Developer/Xcode/DerivedData/TBDApp-gwzivpwahluelhdurbhzqwrmegmk/Build/Intermediates.noindex/TBDApp.build/Debug-iphonesimulator/TBDApp_iOS.build/Objects-normal/arm64/TBDApp.swiftmodule -validate-clang-modules-once -clang-build-session-file /Users/me/Library/Developer/Xcode/DerivedData/ModuleCache.noindex/Session.modulevalidation -Xcc -I/Users/me/Library/Developer/Xcode/DerivedData/TBDApp-gwzivpwahluelhdurbhzqwrmegmk/Build/Intermediates.noindex/TBDApp.build/Debug-iphonesimulator/TBDApp_iOS.build/swift-overrides.hmap -emit-const-values -Xfrontend -const-gather-protocols-file -Xfrontend /Users/me/Library/Developer/Xcode/DerivedData/TBDApp-gwzivpwahluelhdurbhzqwrmegmk/Build/Intermediates.noindex/TBDApp.build/Debug-iphonesimulator/TBDApp_iOS.build/Objects-normal/arm64/TBDApp_iOS_const_extract_protocols.json -Xcc -iquote -Xcc /Users/me/Library/Developer/Xcode/DerivedData/TBDApp-gwzivpwahluelhdurbhzqwrmegmk/Build/Intermediates.noindex/TBDApp.build/Debug-iphonesimulator/TBDApp_iOS.build/TBDApp-generated-files.hmap -Xcc -I/Users/me/Library/Developer/Xcode/DerivedData/TBDApp-gwzivpwahluelhdurbhzqwrmegmk/Build/Intermediates.noindex/TBDApp.build/Debug-iphonesimulator/TBDApp_iOS.build/TBDApp-own-target-headers.hmap -Xcc -I/Users/me/Library/Developer/Xcode/DerivedData/TBDApp-gwzivpwahluelhdurbhzqwrmegmk/Build/Intermediates.noindex/TBDApp.build/Debug-iphonesimulator/TBDApp_iOS.build/TBDApp-all-non-framework-target-headers.hmap -Xcc -ivfsoverlay -Xcc /Users/me/Library/Developer/Xcode/DerivedData/TBDApp-gwzivpwahluelhdurbhzqwrmegmk/Build/Intermediates.noindex/TBDApp.build/Debug-iphonesimulator/TBDApp-aef9d70bb6a3c53d84033785c4d423aa-VFS-iphonesimulator/all-product-headers.yaml -Xcc -iquote -Xcc /Users/me/Library/Developer/Xcode/DerivedData/TBDApp-gwzivpwahluelhdurbhzqwrmegmk/Build/Intermediates.noindex/TBDApp.build/Debug-iphonesimulator/TBDApp_iOS.build/TBDApp-project-headers.hmap -Xcc -I/Users/me/Library/Developer/Xcode/DerivedData/TBDApp-gwzivpwahluelhdurbhzqwrmegmk/Build/Products/Debug-iphonesimulator/include -Xcc -I/Users/me/Library/Developer/Xcode/DerivedData/TBDApp-gwzivpwahluelhdurbhzqwrmegmk/Build/Intermediates.noindex/TBDApp.build/Debug-iphonesimulator/TBDApp_iOS.build/DerivedSources-normal/arm64 -Xcc -I/Users/me/Library/Developer/Xcode/DerivedData/TBDApp-gwzivpwahluelhdurbhzqwrmegmk/Build/Intermediates.noindex/TBDApp.build/Debug-iphonesimulator/TBDApp_iOS.build/DerivedSources/arm64 -Xcc -I/Users/me/Library/Developer/Xcode/DerivedData/TBDApp-gwzivpwahluelhdurbhzqwrmegmk/Build/Intermediates.noindex/TBDApp.build/Debug-iphonesimulator/TBDApp_iOS.build/DerivedSources -Xcc -DDEBUG\=1 -emit-objc-header -emit-objc-header-path /Users/me/Library/Developer/Xcode/DerivedData/TBDApp-gwzivpwahluelhdurbhzqwrmegmk/Build/Intermediates.noindex/TBDApp.build/Debug-iphonesimulator/TBDApp_iOS.build/Objects-normal/arm64/TBDApp-Swift.h -working-directory /Users/me/Downloads/inventorysoft -experimental-emit-module-separately -disable-cmo

SwiftCompile normal arm64 Compiling\ AppSidebarItem.swift,\ Enums.swift,\ ImageAttachment.swift,\ ImageRepository.swift /Users/me/Downloads/inventorysoft/TBDApp/Core/Components/Layout/AppSidebarItem.swift /Users/me/Downloads/inventorysoft/TBDApp/Core/Models/Enums.swift /Users/me/Downloads/inventorysoft/TBDApp/Core/Models/ImageAttachment.swift /Users/me/Downloads/inventorysoft/TBDApp/Core/Data/Repositories/ImageRepository.swift (in target 'TBDApp_iOS' from project 'TBDApp')
Failed frontend command:
/Applications/Xcode.app/Contents/Developer/Toolchains/XcodeDefault.xctoolchain/usr/bin/swift-frontend -frontend -c /Users/me/Downloads/inventorysoft/TBDApp/Core/Services/AnalyticsService.swift /Users/me/Downloads/inventorysoft/TBDApp/Core/Components/Primitives/AppButton.swift /Users/me/Downloads/inventorysoft/TBDApp/Core/Components/Primitives/AppCard.swift /Users/me/Downloads/inventorysoft/TBDApp/Core/Components/Primitives/AppDropdown.swift /Users/me/Downloads/inventorysoft/TBDApp/Core/Components/Feedback/AppEmptyStateView.swift /Users/me/Downloads/inventorysoft/TBDApp/Core/Theme/ThemeConfigurator.swift /Users/me/Downloads/inventorysoft/TBDApp/App/AppEntry.swift /Users/me/Downloads/inventorysoft/TBDApp/App/AppEnvironment.swift /Users/me/Downloads/inventorysoft/TBDApp/Core/Components/Layout/AppScreenContainer.swift /Users/me/Downloads/inventorysoft/TBDApp/Core/Components/Primitives/AppSearchField.swift /Users/me/Downloads/inventorysoft/TBDApp/Core/Components/Layout/AppSidebarContainer.swift /Users/me/Downloads/inventorysoft/TBDApp/Core/Components/Primitives/AppStatusPill.swift /Users/me/Downloads/inventorysoft/TBDApp/Core/Components/Primitives/AppTable.swift /Users/me/Downloads/inventorysoft/TBDApp/Core/Components/Primitives/AppTextField.swift /Users/me/Downloads/inventorysoft/TBDApp/Core/Components/Primitives/AppToggle.swift /Users/me/Downloads/inventorysoft/TBDApp/Core/Models/Brand.swift /Users/me/Downloads/inventorysoft/TBDApp/Core/Data/Repositories/BrandRepository.swift /Users/me/Downloads/inventorysoft/TBDApp/Core/Models/Category.swift /Users/me/Downloads/inventorysoft/TBDApp/Core/Data/Repositories/CategoryRepository.swift /Users/me/Downloads/inventorysoft/TBDApp/Core/Theme/ColorPalette.swift /Users/me/Downloads/inventorysoft/TBDApp/Core/Theme/CornerRadius.swift /Users/me/Downloads/inventorysoft/TBDApp/Features/Dashboard/Views/DashboardView.swift /Users/me/Downloads/inventorysoft/TBDApp/Features/Dashboard/ViewModels/DashboardViewModel.swift /Users/me/Downloads/inventorysoft/TBDApp/Core/Data/Database/DatabaseManager.swift /Users/me/Downloads/inventorysoft/TBDApp/Core/Utilities/DateExtensions.swift /Users/me/Downloads/inventorysoft/TBDApp/App/ContentView.swift -primary-file /Users/me/Downloads/inventorysoft/TBDApp/Core/Components/Layout/AppSidebarItem.swift -primary-file /Users/me/Downloads/inventorysoft/TBDApp/Core/Models/Enums.swift -primary-file /Users/me/Downloads/inventorysoft/TBDApp/Core/Models/ImageAttachment.swift -primary-file /Users/me/Downloads/inventorysoft/TBDApp/Core/Data/Repositories/ImageRepository.swift /Users/me/Downloads/inventorysoft/TBDApp/Core/Services/ImageService.swift /Users/me/Downloads/inventorysoft/TBDApp/Features/Inventory/Views/InventoryView.swift /Users/me/Downloads/inventorysoft/TBDApp/Features/Inventory/ViewModels/InventoryViewModel.swift /Users/me/Downloads/inventorysoft/TBDApp/Core/Models/Item.swift /Users/me/Downloads/inventorysoft/TBDApp/Features/Inventory/Views/ItemDetailView.swift /Users/me/Downloads/inventorysoft/TBDApp/Features/Inventory/ViewModels/ItemDetailViewModel.swift /Users/me/Downloads/inventorysoft/TBDApp/Core/Data/Repositories/ItemRepository.swift /Users/me/Downloads/inventorysoft/TBDApp/Core/Data/Database/Migrations.swift /Users/me/Downloads/inventorysoft/TBDApp/Core/Data/Database/ModelExtensions.swift /Users/me/Downloads/inventorysoft/TBDApp/Core/Models/Purchase.swift /Users/me/Downloads/inventorysoft/TBDApp/Core/Data/Repositories/PurchaseRepository.swift /Users/me/Downloads/inventorysoft/TBDApp/Features/Purchases/Views/PurchasesListView.swift /Users/me/Downloads/inventorysoft/TBDApp/Features/Purchases/ViewModels/PurchasesViewModel.swift /Users/me/Downloads/inventorysoft/TBDApp/Core/Components/Layout/AppHeader.swift /Users/me/Downloads/inventorysoft/TBDApp/Core/Utilities/ResultExtensions.swift /Users/me/Downloads/inventorysoft/TBDApp/Core/Models/Sale.swift /Users/me/Downloads/inventorysoft/TBDApp/Features/Sales/Views/SalesListView.swift /Users/me/Downloads/inventorysoft/TBDApp/Core/Data/Repositories/SalesRepository.swift /Users/me/Downloads/inventorysoft/TBDApp/Features/Sales/ViewModels/SalesViewModel.swift /Users/me/Downloads/inventorysoft/TBDApp/Core/Data/Database/SchemaDefinitions.swift /Users/me/Downloads/inventorysoft/TBDApp/Features/Settings/Views/SettingsView.swift /Users/me/Downloads/inventorysoft/TBDApp/Features/Settings/ViewModels/SettingsViewModel.swift /Users/me/Downloads/inventorysoft/TBDApp/Core/Theme/Shadows.swift /Users/me/Downloads/inventorysoft/TBDApp/Core/Theme/Spacing.swift /Users/me/Downloads/inventorysoft/TBDApp/Core/Theme/Theme.swift /Users/me/Downloads/inventorysoft/TBDApp/Core/Theme/Typography.swift /Users/me/Library/Developer/Xcode/DerivedData/TBDApp-gwzivpwahluelhdurbhzqwrmegmk/Build/Intermediates.noindex/TBDApp.build/Debug-iphonesimulator/TBDApp_iOS.build/DerivedSources/GeneratedAssetSymbols.swift -supplementary-output-file-map /Users/me/Library/Developer/Xcode/DerivedData/TBDApp-gwzivpwahluelhdurbhzqwrmegmk/Build/Intermediates.noindex/TBDApp.build/Debug-iphonesimulator/TBDApp_iOS.build/Objects-normal/arm64/supplementaryOutputs-7 -target arm64-apple-ios17.0-simulator -module-can-import-version DeveloperToolsSupport 23.0.4 23.0.4 -module-can-import-version UIKit 9088.1.113 9088.1.113 -load-resolved-plugin /Applications/Xcode.app/Contents/Developer/Platforms/iPhoneOS.platform/Developer/usr/lib/swift/host/plugins/libFoundationMacros.dylib\#/Applications/Xcode.app/Contents/Developer/Platforms/iPhoneOS.platform/Developer/usr/bin/swift-plugin-server\#FoundationMacros -load-resolved-plugin /Applications/Xcode.app/Contents/Developer/Platforms/iPhoneOS.platform/Developer/usr/lib/swift/host/plugins/libObservationMacros.dylib\#/Applications/Xcode.app/Contents/Developer/Platforms/iPhoneOS.platform/Developer/usr/bin/swift-plugin-server\#ObservationMacros -load-resolved-plugin /Applications/Xcode.app/Contents/Developer/Platforms/iPhoneOS.platform/Developer/usr/lib/swift/host/plugins/libPreviewsMacros.dylib\#/Applications/Xcode.app/Contents/Developer/Platforms/iPhoneOS.platform/Developer/usr/bin/swift-plugin-server\#PreviewsMacros -load-resolved-plugin /Applications/Xcode.app/Contents/Developer/Platforms/iPhoneOS.platform/Developer/usr/lib/swift/host/plugins/libSwiftMacros.dylib\#/Applications/Xcode.app/Contents/Developer/Platforms/iPhoneOS.platform/Developer/usr/bin/swift-plugin-server\#SwiftMacros -load-resolved-plugin /Applications/Xcode.app/Contents/Developer/Platforms/iPhoneOS.platform/Developer/usr/lib/swift/host/plugins/libSwiftUIMacros.dylib\#/Applications/Xcode.app/Contents/Developer/Platforms/iPhoneOS.platform/Developer/usr/bin/swift-plugin-server\#SwiftUIMacros -disable-implicit-swift-modules -Xcc -fno-implicit-modules -Xcc -fno-implicit-module-maps -explicit-swift-module-map-file /Users/me/Library/Developer/Xcode/DerivedData/TBDApp-gwzivpwahluelhdurbhzqwrmegmk/Build/Intermediates.noindex/TBDApp.build/Debug-iphonesimulator/TBDApp_iOS.build/Objects-normal/arm64/TBDApp-dependencies-1.json -Xllvm -aarch64-use-tbi -enable-objc-interop -sdk /Applications/Xcode.app/Contents/Developer/Platforms/iPhoneSimulator.platform/Developer/SDKs/iPhoneSimulator26.0.sdk -I /Users/me/Library/Developer/Xcode/DerivedData/TBDApp-gwzivpwahluelhdurbhzqwrmegmk/Build/Products/Debug-iphonesimulator -F /Users/me/Library/Developer/Xcode/DerivedData/TBDApp-gwzivpwahluelhdurbhzqwrmegmk/Build/Products/Debug-iphonesimulator/PackageFrameworks -F /Users/me/Library/Developer/Xcode/DerivedData/TBDApp-gwzivpwahluelhdurbhzqwrmegmk/Build/Products/Debug-iphonesimulator -no-color-diagnostics -Xcc -fno-color-diagnostics -enable-testing -g -debug-info-format\=dwarf -dwarf-version\=4 -module-cache-path /Users/me/Library/Developer/Xcode/DerivedData/TBDApp-gwzivpwahluelhdurbhzqwrmegmk/Build/Intermediates.noindex/SwiftExplicitPrecompiledModules -swift-version 5 -enforce-exclusivity\=checked -Onone -D DEBUG -serialize-debugging-options -const-gather-protocols-file /Users/me/Library/Developer/Xcode/DerivedData/TBDApp-gwzivpwahluelhdurbhzqwrmegmk/Build/Intermediates.noindex/TBDApp.build/Debug-iphonesimulator/TBDApp_iOS.build/Objects-normal/arm64/TBDApp_iOS_const_extract_protocols.json -enable-experimental-feature DebugDescriptionMacro -enable-bare-slash-regex -empty-abi-descriptor -validate-clang-modules-once -clang-build-session-file /Users/me/Library/Developer/Xcode/DerivedData/ModuleCache.noindex/Session.modulevalidation -Xcc -working-directory -Xcc /Users/me/Downloads/inventorysoft -enable-anonymous-context-mangled-names -file-compilation-dir /Users/me/Downloads/inventorysoft -Xcc -fmodule-map-file\=/Users/me/Library/Developer/Xcode/DerivedData/TBDApp-gwzivpwahluelhdurbhzqwrmegmk/SourcePackages/checkouts/GRDB.swift/Sources/CSQLite/module.modulemap -Xcc -D_LIBCPP_HARDENING_MODE\=_LIBCPP_HARDENING_MODE_DEBUG -Xcc -ivfsstatcache -Xcc /Users/me/Library/Developer/Xcode/DerivedData/SDKStatCaches.noindex/iphonesimulator26.0-23A339-26257891a6c027eb51374368541b8346.sdkstatcache -Xcc -I/Users/me/Library/Developer/Xcode/DerivedData/TBDApp-gwzivpwahluelhdurbhzqwrmegmk/Build/Intermediates.noindex/TBDApp.build/Debug-iphonesimulator/TBDApp_iOS.build/swift-overrides.hmap -Xcc -iquote -Xcc /Users/me/Library/Developer/Xcode/DerivedData/TBDApp-gwzivpwahluelhdurbhzqwrmegmk/Build/Intermediates.noindex/TBDApp.build/Debug-iphonesimulator/TBDApp_iOS.build/TBDApp-generated-files.hmap -Xcc -I/Users/me/Library/Developer/Xcode/DerivedData/TBDApp-gwzivpwahluelhdurbhzqwrmegmk/Build/Intermediates.noindex/TBDApp.build/Debug-iphonesimulator/TBDApp_iOS.build/TBDApp-own-target-headers.hmap -Xcc -I/Users/me/Library/Developer/Xcode/DerivedData/TBDApp-gwzivpwahluelhdurbhzqwrmegmk/Build/Intermediates.noindex/TBDApp.build/Debug-iphonesimulator/TBDApp_iOS.build/TBDApp-all-non-framework-target-headers.hmap -Xcc -ivfsoverlay -Xcc /Users/me/Library/Developer/Xcode/DerivedData/TBDApp-gwzivpwahluelhdurbhzqwrmegmk/Build/Intermediates.noindex/TBDApp.build/Debug-iphonesimulator/TBDApp-aef9d70bb6a3c53d84033785c4d423aa-VFS-iphonesimulator/all-product-headers.yaml -Xcc -iquote -Xcc /Users/me/Library/Developer/Xcode/DerivedData/TBDApp-gwzivpwahluelhdurbhzqwrmegmk/Build/Intermediates.noindex/TBDApp.build/Debug-iphonesimulator/TBDApp_iOS.build/TBDApp-project-headers.hmap -Xcc -I/Users/me/Library/Developer/Xcode/DerivedData/TBDApp-gwzivpwahluelhdurbhzqwrmegmk/Build/Products/Debug-iphonesimulator/include -Xcc -I/Users/me/Library/Developer/Xcode/DerivedData/TBDApp-gwzivpwahluelhdurbhzqwrmegmk/Build/Intermediates.noindex/TBDApp.build/Debug-iphonesimulator/TBDApp_iOS.build/DerivedSources-normal/arm64 -Xcc -I/Users/me/Library/Developer/Xcode/DerivedData/TBDApp-gwzivpwahluelhdurbhzqwrmegmk/Build/Intermediates.noindex/TBDApp.build/Debug-iphonesimulator/TBDApp_iOS.build/DerivedSources/arm64 -Xcc -I/Users/me/Library/Developer/Xcode/DerivedData/TBDApp-gwzivpwahluelhdurbhzqwrmegmk/Build/Intermediates.noindex/TBDApp.build/Debug-iphonesimulator/TBDApp_iOS.build/DerivedSources -Xcc -DDEBUG\=1 -no-auto-bridging-header-chaining -module-name TBDApp -frontend-parseable-output -disable-clang-spi -target-sdk-version 26.0 -target-sdk-name iphonesimulator26.0 -clang-target arm64-apple-ios26.0-simulator -in-process-plugin-server-path /Applications/Xcode.app/Contents/Developer/Toolchains/XcodeDefault.xctoolchain/usr/lib/swift/host/libSwiftInProcPluginServer.dylib -o /Users/me/Library/Developer/Xcode/DerivedData/TBDApp-gwzivpwahluelhdurbhzqwrmegmk/Build/Intermediates.noindex/TBDApp.build/Debug-iphonesimulator/TBDApp_iOS.build/Objects-normal/arm64/AppSidebarItem.o -o /Users/me/Library/Developer/Xcode/DerivedData/TBDApp-gwzivpwahluelhdurbhzqwrmegmk/Build/Intermediates.noindex/TBDApp.build/Debug-iphonesimulator/TBDApp_iOS.build/Objects-normal/arm64/Enums.o -o /Users/me/Library/Developer/Xcode/DerivedData/TBDApp-gwzivpwahluelhdurbhzqwrmegmk/Build/Intermediates.noindex/TBDApp.build/Debug-iphonesimulator/TBDApp_iOS.build/Objects-normal/arm64/ImageAttachment.o -o /Users/me/Library/Developer/Xcode/DerivedData/TBDApp-gwzivpwahluelhdurbhzqwrmegmk/Build/Intermediates.noindex/TBDApp.build/Debug-iphonesimulator/TBDApp_iOS.build/Objects-normal/arm64/ImageRepository.o -index-unit-output-path /TBDApp.build/Debug-iphonesimulator/TBDApp_iOS.build/Objects-normal/arm64/AppSidebarItem.o -index-unit-output-path /TBDApp.build/Debug-iphonesimulator/TBDApp_iOS.build/Objects-normal/arm64/Enums.o -index-unit-output-path /TBDApp.build/Debug-iphonesimulator/TBDApp_iOS.build/Objects-normal/arm64/ImageAttachment.o -index-unit-output-path /TBDApp.build/Debug-iphonesimulator/TBDApp_iOS.build/Objects-normal/arm64/ImageRepository.o -index-store-path /Users/me/Library/Developer/Xcode/DerivedData/TBDApp-gwzivpwahluelhdurbhzqwrmegmk/Index.noindex/DataStore -index-system-modules

SwiftCompile normal arm64 /Users/me/Downloads/inventorysoft/TBDApp/Core/Components/Layout/AppSidebarItem.swift (in target 'TBDApp_iOS' from project 'TBDApp')
    cd /Users/me/Downloads/inventorysoft
    
/Users/me/Downloads/inventorysoft/TBDApp/Core/Components/Layout/AppSidebarItem.swift:20:44: error: value of type 'AppTypography' has no member 'body'
                    .font(theme.typography.body)
                          ~~~~~~~~~~~~~~~~ ^~~~

SwiftCompile normal arm64 /Users/me/Downloads/inventorysoft/TBDApp/Core/Models/Enums.swift (in target 'TBDApp_iOS' from project 'TBDApp')
    cd /Users/me/Downloads/inventorysoft
    

SwiftCompile normal arm64 /Users/me/Downloads/inventorysoft/TBDApp/Core/Models/ImageAttachment.swift (in target 'TBDApp_iOS' from project 'TBDApp')
    cd /Users/me/Downloads/inventorysoft
    

SwiftCompile normal arm64 /Users/me/Downloads/inventorysoft/TBDApp/Core/Data/Repositories/ImageRepository.swift (in target 'TBDApp_iOS' from project 'TBDApp')
    cd /Users/me/Downloads/inventorysoft
    

SwiftCompile normal arm64 Compiling\ AppSidebarContainer.swift,\ AppStatusPill.swift,\ AppTable.swift,\ AppTextField.swift /Users/me/Downloads/inventorysoft/TBDApp/Core/Components/Layout/AppSidebarContainer.swift /Users/me/Downloads/inventorysoft/TBDApp/Core/Components/Primitives/AppStatusPill.swift /Users/me/Downloads/inventorysoft/TBDApp/Core/Components/Primitives/AppTable.swift /Users/me/Downloads/inventorysoft/TBDApp/Core/Components/Primitives/AppTextField.swift (in target 'TBDApp_iOS' from project 'TBDApp')
SwiftCompile normal arm64 /Users/me/Downloads/inventorysoft/TBDApp/Core/Components/Layout/AppSidebarContainer.swift (in target 'TBDApp_iOS' from project 'TBDApp')
    cd /Users/me/Downloads/inventorysoft
    

SwiftCompile normal arm64 /Users/me/Downloads/inventorysoft/TBDApp/Core/Components/Primitives/AppStatusPill.swift (in target 'TBDApp_iOS' from project 'TBDApp')
    cd /Users/me/Downloads/inventorysoft
    

SwiftCompile normal arm64 /Users/me/Downloads/inventorysoft/TBDApp/Core/Components/Primitives/AppTable.swift (in target 'TBDApp_iOS' from project 'TBDApp')
    cd /Users/me/Downloads/inventorysoft
    

SwiftCompile normal arm64 /Users/me/Downloads/inventorysoft/TBDApp/Core/Components/Primitives/AppTextField.swift (in target 'TBDApp_iOS' from project 'TBDApp')
    cd /Users/me/Downloads/inventorysoft
    

SwiftEmitModule normal arm64 Emitting\ module\ for\ TBDApp (in target 'TBDApp_iOS' from project 'TBDApp')

EmitSwiftModule normal arm64 (in target 'TBDApp_iOS' from project 'TBDApp')
    cd /Users/me/Downloads/inventorysoft
    

SwiftCompile normal arm64 Compiling\ AppHeader.swift,\ ResultExtensions.swift,\ Sale.swift,\ SalesListView.swift /Users/me/Downloads/inventorysoft/TBDApp/Core/Components/Layout/AppHeader.swift /Users/me/Downloads/inventorysoft/TBDApp/Core/Utilities/ResultExtensions.swift /Users/me/Downloads/inventorysoft/TBDApp/Core/Models/Sale.swift /Users/me/Downloads/inventorysoft/TBDApp/Features/Sales/Views/SalesListView.swift (in target 'TBDApp_iOS' from project 'TBDApp')

SwiftCompile normal arm64 /Users/me/Downloads/inventorysoft/TBDApp/Core/Components/Layout/AppHeader.swift (in target 'TBDApp_iOS' from project 'TBDApp')
    cd /Users/me/Downloads/inventorysoft
    

SwiftCompile normal arm64 /Users/me/Downloads/inventorysoft/TBDApp/Core/Utilities/ResultExtensions.swift (in target 'TBDApp_iOS' from project 'TBDApp')
    cd /Users/me/Downloads/inventorysoft
    

SwiftCompile normal arm64 /Users/me/Downloads/inventorysoft/TBDApp/Core/Models/Sale.swift (in target 'TBDApp_iOS' from project 'TBDApp')
    cd /Users/me/Downloads/inventorysoft
    

SwiftCompile normal arm64 /Users/me/Downloads/inventorysoft/TBDApp/Features/Sales/Views/SalesListView.swift (in target 'TBDApp_iOS' from project 'TBDApp')
    cd /Users/me/Downloads/inventorysoft
    

SwiftCompile normal arm64 Compiling\ ImageService.swift,\ InventoryView.swift,\ InventoryViewModel.swift,\ Item.swift /Users/me/Downloads/inventorysoft/TBDApp/Core/Services/ImageService.swift /Users/me/Downloads/inventorysoft/TBDApp/Features/Inventory/Views/InventoryView.swift /Users/me/Downloads/inventorysoft/TBDApp/Features/Inventory/ViewModels/InventoryViewModel.swift /Users/me/Downloads/inventorysoft/TBDApp/Core/Models/Item.swift (in target 'TBDApp_iOS' from project 'TBDApp')

SwiftCompile normal arm64 /Users/me/Downloads/inventorysoft/TBDApp/Core/Services/ImageService.swift (in target 'TBDApp_iOS' from project 'TBDApp')
    cd /Users/me/Downloads/inventorysoft
    

SwiftCompile normal arm64 /Users/me/Downloads/inventorysoft/TBDApp/Features/Inventory/Views/InventoryView.swift (in target 'TBDApp_iOS' from project 'TBDApp')
    cd /Users/me/Downloads/inventorysoft
    

SwiftCompile normal arm64 /Users/me/Downloads/inventorysoft/TBDApp/Features/Inventory/ViewModels/InventoryViewModel.swift (in target 'TBDApp_iOS' from project 'TBDApp')
    cd /Users/me/Downloads/inventorysoft
    

SwiftCompile normal arm64 /Users/me/Downloads/inventorysoft/TBDApp/Core/Models/Item.swift (in target 'TBDApp_iOS' from project 'TBDApp')
    cd /Users/me/Downloads/inventorysoft
    

SwiftCompile normal arm64 Compiling\ ItemDetailView.swift,\ ItemDetailViewModel.swift,\ PurchasesListView.swift,\ PurchasesViewModel.swift /Users/me/Downloads/inventorysoft/TBDApp/Features/Inventory/Views/ItemDetailView.swift /Users/me/Downloads/inventorysoft/TBDApp/Features/Inventory/ViewModels/ItemDetailViewModel.swift /Users/me/Downloads/inventorysoft/TBDApp/Features/Purchases/Views/PurchasesListView.swift /Users/me/Downloads/inventorysoft/TBDApp/Features/Purchases/ViewModels/PurchasesViewModel.swift (in target 'TBDApp_iOS' from project 'TBDApp')
SwiftCompile normal arm64 /Users/me/Downloads/inventorysoft/TBDApp/Features/Inventory/Views/ItemDetailView.swift (in target 'TBDApp_iOS' from project 'TBDApp')
    cd /Users/me/Downloads/inventorysoft
    

SwiftCompile normal arm64 /Users/me/Downloads/inventorysoft/TBDApp/Features/Inventory/ViewModels/ItemDetailViewModel.swift (in target 'TBDApp_iOS' from project 'TBDApp')
    cd /Users/me/Downloads/inventorysoft
    

SwiftCompile normal arm64 /Users/me/Downloads/inventorysoft/TBDApp/Features/Purchases/Views/PurchasesListView.swift (in target 'TBDApp_iOS' from project 'TBDApp')
    cd /Users/me/Downloads/inventorysoft
    

SwiftCompile normal arm64 /Users/me/Downloads/inventorysoft/TBDApp/Features/Purchases/ViewModels/PurchasesViewModel.swift (in target 'TBDApp_iOS' from project 'TBDApp')
    cd /Users/me/Downloads/inventorysoft
    

SwiftCompile normal arm64 Compiling\ DashboardViewModel.swift,\ DatabaseManager.swift,\ DateExtensions.swift,\ ContentView.swift /Users/me/Downloads/inventorysoft/TBDApp/Features/Dashboard/ViewModels/DashboardViewModel.swift /Users/me/Downloads/inventorysoft/TBDApp/Core/Data/Database/DatabaseManager.swift /Users/me/Downloads/inventorysoft/TBDApp/Core/Utilities/DateExtensions.swift /Users/me/Downloads/inventorysoft/TBDApp/App/ContentView.swift (in target 'TBDApp_iOS' from project 'TBDApp')

SwiftCompile normal arm64 /Users/me/Downloads/inventorysoft/TBDApp/Features/Dashboard/ViewModels/DashboardViewModel.swift (in target 'TBDApp_iOS' from project 'TBDApp')
    cd /Users/me/Downloads/inventorysoft
    

SwiftCompile normal arm64 /Users/me/Downloads/inventorysoft/TBDApp/Core/Data/Database/DatabaseManager.swift (in target 'TBDApp_iOS' from project 'TBDApp')
    cd /Users/me/Downloads/inventorysoft
    

SwiftCompile normal arm64 /Users/me/Downloads/inventorysoft/TBDApp/Core/Utilities/DateExtensions.swift (in target 'TBDApp_iOS' from project 'TBDApp')
    cd /Users/me/Downloads/inventorysoft
    

SwiftCompile normal arm64 /Users/me/Downloads/inventorysoft/TBDApp/App/ContentView.swift (in target 'TBDApp_iOS' from project 'TBDApp')
    cd /Users/me/Downloads/inventorysoft
    

SwiftCompile normal arm64 Compiling\ CategoryRepository.swift,\ ColorPalette.swift,\ CornerRadius.swift,\ DashboardView.swift /Users/me/Downloads/inventorysoft/TBDApp/Core/Data/Repositories/CategoryRepository.swift /Users/me/Downloads/inventorysoft/TBDApp/Core/Theme/ColorPalette.swift /Users/me/Downloads/inventorysoft/TBDApp/Core/Theme/CornerRadius.swift /Users/me/Downloads/inventorysoft/TBDApp/Features/Dashboard/Views/DashboardView.swift (in target 'TBDApp_iOS' from project 'TBDApp')

SwiftCompile normal arm64 /Users/me/Downloads/inventorysoft/TBDApp/Core/Data/Repositories/CategoryRepository.swift (in target 'TBDApp_iOS' from project 'TBDApp')
    cd /Users/me/Downloads/inventorysoft
    

SwiftCompile normal arm64 /Users/me/Downloads/inventorysoft/TBDApp/Core/Theme/ColorPalette.swift (in target 'TBDApp_iOS' from project 'TBDApp')
    cd /Users/me/Downloads/inventorysoft
    

SwiftCompile normal arm64 /Users/me/Downloads/inventorysoft/TBDApp/Core/Theme/CornerRadius.swift (in target 'TBDApp_iOS' from project 'TBDApp')
    cd /Users/me/Downloads/inventorysoft
    

SwiftCompile normal arm64 /Users/me/Downloads/inventorysoft/TBDApp/Features/Dashboard/Views/DashboardView.swift (in target 'TBDApp_iOS' from project 'TBDApp')
    cd /Users/me/Downloads/inventorysoft
    

SwiftCompile normal arm64 Compiling\ AppToggle.swift,\ Brand.swift,\ BrandRepository.swift,\ Category.swift /Users/me/Downloads/inventorysoft/TBDApp/Core/Components/Primitives/AppToggle.swift /Users/me/Downloads/inventorysoft/TBDApp/Core/Models/Brand.swift /Users/me/Downloads/inventorysoft/TBDApp/Core/Data/Repositories/BrandRepository.swift /Users/me/Downloads/inventorysoft/TBDApp/Core/Models/Category.swift (in target 'TBDApp_iOS' from project 'TBDApp')

SwiftCompile normal arm64 /Users/me/Downloads/inventorysoft/TBDApp/Core/Components/Primitives/AppToggle.swift (in target 'TBDApp_iOS' from project 'TBDApp')
    cd /Users/me/Downloads/inventorysoft
    

SwiftCompile normal arm64 /Users/me/Downloads/inventorysoft/TBDApp/Core/Models/Brand.swift (in target 'TBDApp_iOS' from project 'TBDApp')
    cd /Users/me/Downloads/inventorysoft
    

SwiftCompile normal arm64 /Users/me/Downloads/inventorysoft/TBDApp/Core/Data/Repositories/BrandRepository.swift (in target 'TBDApp_iOS' from project 'TBDApp')
    cd /Users/me/Downloads/inventorysoft
    

SwiftCompile normal arm64 /Users/me/Downloads/inventorysoft/TBDApp/Core/Models/Category.swift (in target 'TBDApp_iOS' from project 'TBDApp')
    cd /Users/me/Downloads/inventorysoft
    

SwiftCompile normal arm64 Compiling\ AnalyticsService.swift,\ AppButton.swift,\ AppCard.swift,\ AppDropdown.swift,\ AppEmptyStateView.swift /Users/me/Downloads/inventorysoft/TBDApp/Core/Services/AnalyticsService.swift /Users/me/Downloads/inventorysoft/TBDApp/Core/Components/Primitives/AppButton.swift /Users/me/Downloads/inventorysoft/TBDApp/Core/Components/Primitives/AppCard.swift /Users/me/Downloads/inventorysoft/TBDApp/Core/Components/Primitives/AppDropdown.swift /Users/me/Downloads/inventorysoft/TBDApp/Core/Components/Feedback/AppEmptyStateView.swift (in target 'TBDApp_iOS' from project 'TBDApp')

** BUILD FAILED **


The following build commands failed:
	SwiftCompile normal arm64 Compiling\ AppSidebarItem.swift,\ Enums.swift,\ ImageAttachment.swift,\ ImageRepository.swift /Users/me/Downloads/inventorysoft/TBDApp/Core/Components/Layout/AppSidebarItem.swift /Users/me/Downloads/inventorysoft/TBDApp/Core/Models/Enums.swift /Users/me/Downloads/inventorysoft/TBDApp/Core/Models/ImageAttachment.swift /Users/me/Downloads/inventorysoft/TBDApp/Core/Data/Repositories/ImageRepository.swift (in target 'TBDApp_iOS' from project 'TBDApp')
	SwiftCompile normal arm64 /Users/me/Downloads/inventorysoft/TBDApp/Core/Components/Layout/AppSidebarItem.swift (in target 'TBDApp_iOS' from project 'TBDApp')
	Building project TBDApp with scheme TBDApp_iOS
(3 failures)
